(---------------------------------------------------------------------)
(                                                                     )
(    Allegro Netrev Import Logic                                      )
(                                                                     )
(    Drawing          : WCSA_SystemSchem.brd                          )
(    Software Version : 17.4S013                                      )
(    Date/Time        : Wed Apr 13 21:09:06 2022                      )
(                                                                     )
(---------------------------------------------------------------------)


------ Directives ------------

Ripup etch:                  No
Ripup delete first segment:  No
Ripup retain bondwire:       No
Ripup symbols:               IfSame
Missing symbol has error:    No
DRC update:                  Yes
Schematic directory:         'C:/Users/student/OrCAD_PCB/WCSA_OrCAD/WCSA_SystemSchem/allegro'
Design Directory:            'C:/Users/student/OrCAD_PCB/WCSA_OrCAD/WCSA_SystemSchem'
Old design name:             'C:/Users/student/OrCAD_PCB/WCSA_OrCAD/WCSA_SystemSchem/WCSA_SystemSchem.brd'
New design name:             'C:/Users/student/OrCAD_PCB/WCSA_OrCAD/WCSA_SystemSchem/WCSA_SystemSchem.brd'

CmdLine: netrev -$ -i C:/Users/student/OrCAD_PCB/WCSA_OrCAD/WCSA_SystemSchem/allegro -y 2 -h -q netrev_constraint_report.xml C:/Users/student/OrCAD_PCB/WCSA_OrCAD/WCSA_SystemSchem/#Taaabmj15176.tmp

------ Preparing to read pst files ------

Starting to read C:/Users/student/OrCAD_PCB/WCSA_OrCAD/WCSA_SystemSchem/allegro/pstchip.dat 
   Finished reading C:/Users/student/OrCAD_PCB/WCSA_OrCAD/WCSA_SystemSchem/allegro/pstchip.dat (00:00:00.01)
Starting to read C:/Users/student/OrCAD_PCB/WCSA_OrCAD/WCSA_SystemSchem/allegro/pstxprt.dat 
   Finished reading C:/Users/student/OrCAD_PCB/WCSA_OrCAD/WCSA_SystemSchem/allegro/pstxprt.dat (00:00:00.00)
Starting to read C:/Users/student/OrCAD_PCB/WCSA_OrCAD/WCSA_SystemSchem/allegro/pstxnet.dat 
   Finished reading C:/Users/student/OrCAD_PCB/WCSA_OrCAD/WCSA_SystemSchem/allegro/pstxnet.dat (00:00:00.00)

------ Oversights/Warnings/Errors ------


#1   WARNING(SPMHNI-192): Device/Symbol check warning detected. [help]

ERROR(SPMHNI-196): Symbol 'SAMTEC_MTSW-101-08-S-D-315' for device 'JUMP2_1_SAMTEC_MTSW-101-08-S-D-315_JUMP2' has extra pin '01'.

ERROR(SPMHNI-196): Symbol 'SAMTEC_MTSW-101-08-S-D-315' for device 'JUMP2_1_SAMTEC_MTSW-101-08-S-D-315_JUMP2' has extra pin '02'.

ERROR(SPMHNI-195): Symbol 'SAMTEC_MTSW-101-08-S-D-315' for device 'JUMP2_1_SAMTEC_MTSW-101-08-S-D-315_JUMP2' is missing pin '1'.

ERROR(SPMHNI-195): Symbol 'SAMTEC_MTSW-101-08-S-D-315' for device 'JUMP2_1_SAMTEC_MTSW-101-08-S-D-315_JUMP2' is missing pin '2'.

#2   WARNING(SPMHNI-192): Device/Symbol check warning detected. [help]

ERROR(SPMHNI-196): Symbol 'SAMTEC_TSW-101-24-G-T' for device 'SIPSOC-3_SAMTEC_TSW-101-24-G-T_SIPSOC-3' has extra pin '01'.

ERROR(SPMHNI-196): Symbol 'SAMTEC_TSW-101-24-G-T' for device 'SIPSOC-3_SAMTEC_TSW-101-24-G-T_SIPSOC-3' has extra pin '02'.

ERROR(SPMHNI-196): Symbol 'SAMTEC_TSW-101-24-G-T' for device 'SIPSOC-3_SAMTEC_TSW-101-24-G-T_SIPSOC-3' has extra pin '03'.

ERROR(SPMHNI-195): Symbol 'SAMTEC_TSW-101-24-G-T' for device 'SIPSOC-3_SAMTEC_TSW-101-24-G-T_SIPSOC-3' is missing pin '1'.

ERROR(SPMHNI-195): Symbol 'SAMTEC_TSW-101-24-G-T' for device 'SIPSOC-3_SAMTEC_TSW-101-24-G-T_SIPSOC-3' is missing pin '2'.

ERROR(SPMHNI-195): Symbol 'SAMTEC_TSW-101-24-G-T' for device 'SIPSOC-3_SAMTEC_TSW-101-24-G-T_SIPSOC-3' is missing pin '3'.

#3   WARNING(SPMHNI-192): Device/Symbol check warning detected. [help]

WARNING(SPMHNI-194): Symbol 'MCP73833T' used by RefDes U3 for device 'DIPSOC-5X2_2_MCP73833T_MCP7388T' not found. 
The symbol either does not exist in the library path (PSMPATH) or is an old symbol from a previous release.  

Set the correct library path if not set or use dbdoctor to migrate old sym

#4   WARNING(SPMHNI-192): Device/Symbol check warning detected. [help]

WARNING(SPMHNI-194): Symbol 'MC3X063A' used by RefDes U4 for device 'MC3X063A_8_MC3X063A_MC3X063A' not found. 
The symbol either does not exist in the library path (PSMPATH) or is an old symbol from a previous release.  

Set the correct library path if not set or use dbdoctor to migrate old symbols

#1   ERROR(SPMHNI-191): Device/Symbol check error detected.

ERROR(SPMHNI-195): Symbol 'ZXM62P02E6TA_DIO' for device 'ZXMD63P02X/ZTX_ZXM62P02E6TA_DIO_ZXMD63P02X/ZTX' is missing pin '3'.

ERROR(SPMHNI-195): Symbol 'ZXM62P02E6TA_DIO' for device 'ZXMD63P02X/ZTX_ZXM62P02E6TA_DIO_ZXMD63P02X/ZTX' is missing pin '2'.

ERROR(SPMHNI-195): Symbol 'ZXM62P02E6TA_DIO' for device 'ZXMD63P02X/ZTX_ZXM62P02E6TA_DIO_ZXMD63P02X/ZTX' is missing pin '1'.

#2   ERROR(SPMHNI-191): Device/Symbol check error detected.

ERROR(SPMHNI-195): Symbol 'SOT23_2P9X1P3_DIO' for device 'ZXMD63N02X/ZTX_SOT23_2P9X1P3_DIO_ZXMD63N02X/ZTX' is missing pin '3'.

ERROR(SPMHNI-195): Symbol 'SOT23_2P9X1P3_DIO' for device 'ZXMD63N02X/ZTX_SOT23_2P9X1P3_DIO_ZXMD63N02X/ZTX' is missing pin '2'.

ERROR(SPMHNI-195): Symbol 'SOT23_2P9X1P3_DIO' for device 'ZXMD63N02X/ZTX_SOT23_2P9X1P3_DIO_ZXMD63N02X/ZTX' is missing pin '1'.

#3   ERROR(SPMHNI-191): Device/Symbol check error detected.

ERROR(SPMHNI-195): Symbol 'MUB10A' for device 'DIPSOC-5X2_3_MUB10A_LM4667' is missing pin '5'.

ERROR(SPMHNI-195): Symbol 'MUB10A' for device 'DIPSOC-5X2_3_MUB10A_LM4667' is missing pin '7'.

ERROR(SPMHNI-195): Symbol 'MUB10A' for device 'DIPSOC-5X2_3_MUB10A_LM4667' is missing pin '8'.

ERROR(SPMHNI-195): Symbol 'MUB10A' for device 'DIPSOC-5X2_3_MUB10A_LM4667' is missing pin '4'.

ERROR(SPMHNI-195): Symbol 'MUB10A' for device 'DIPSOC-5X2_3_MUB10A_LM4667' is missing pin '2'.

ERROR(SPMHNI-195): Symbol 'MUB10A' for device 'DIPSOC-5X2_3_MUB10A_LM4667' is missing pin '3'.

ERROR(SPMHNI-195): Symbol 'MUB10A' for device 'DIPSOC-5X2_3_MUB10A_LM4667' is missing pin '1'.

ERROR(SPMHNI-195): Symbol 'MUB10A' for device 'DIPSOC-5X2_3_MUB10A_LM4667' is missing pin '9'.

ERROR(SPMHNI-195): Symbol 'MUB10A' for device 'DIPSOC-5X2_3_MUB10A_LM4667' is missing pin '6'.

ERROR(SPMHNI-195): Symbol 'MUB10A' for device 'DIPSOC-5X2_3_MUB10A_LM4667' is missing pin '10'.

------ Library Paths ------
MODULEPATH =  . 
           C:/Cadence/SPB_17.4/share/local/pcb/modules 

PSMPATH =  C:/Users/student/OrCAD_PCB/WCSA_OrCAD/WCSA_SystemSchem/Footprints 
           . 
           symbols 
           .. 
           ../symbols 
           C:/Cadence/SPB_17.4/share/local/pcb/symbols 
           C:/Cadence/SPB_17.4/share/pcb/pcb_lib/symbols 
           C:/Cadence/SPB_17.4/share/pcb/allegrolib/symbols 

PADPATH =  . 
           symbols 
           .. 
           ../symbols 
           C:/Cadence/SPB_17.4/share/local/pcb/padstacks 
           C:/Cadence/SPB_17.4/share/pcb/pcb_lib/symbols 
           C:/Cadence/SPB_17.4/share/pcb/allegrolib/symbols 


------ Summary Statistics ------


#4   Run stopped because errors were detected

netrev run on Apr 13 21:09:06 2022
   DESIGN NAME : 'WCSA_SYSTEMSCHEM'
   PACKAGING ON Dec  6 2020 14:07:58

   COMPILE 'logic'
   CHECK_PIN_NAMES OFF
   CROSS_REFERENCE OFF
   FEEDBACK OFF
   INCREMENTAL OFF
   INTERFACE_TYPE PHYSICAL
   MAX_ERRORS 500
   MERGE_MINIMUM 5
   NET_NAME_CHARS '#%&()*+-./:=>?@[]^_`|'
   NET_NAME_LENGTH 24
   OVERSIGHTS ON
   REPLACE_CHECK OFF
   SINGLE_NODE_NETS ON
   SPLIT_MINIMUM 0
   SUPPRESS   20
   WARNINGS ON

  4 errors detected
 No oversight detected
  4 warnings detected

cpu time      0:00:17
elapsed time  0:00:00

